
> nextn@0.1.0 typecheck
> tsc --noEmit

src/app/settings/page.tsx(248,26): error TS2786: 'EodCheck' cannot be used as a JSX component.
  Its type '() => void' is not a valid JSX element type.
    Type '() => void' is not assignable to type '(props: any, deprecatedLegacyContext?: any) => ReactNode'.
      Type 'void' is not assignable to type 'ReactNode'.
src/components/dashboard/daily-pnl-calendar.tsx(93,19): error TS2554: Expected 3 arguments, but got 2.
src/components/settings/eod-check.tsx(267,56): error TS2339: Property 'symbol' does not exist on type 'string'.
src/components/settings/eod-check.tsx(268,71): error TS2698: Spread types may only be created from object types.
src/components/settings/eod-check.tsx(276,56): error TS2339: Property 'startDate' does not exist on type 'string'.
src/components/settings/eod-check.tsx(277,71): error TS2698: Spread types may only be created from object types.
src/components/settings/eod-check.tsx(284,56): error TS2339: Property 'endDate' does not exist on type 'string'.
src/components/settings/eod-check.tsx(285,71): error TS2698: Spread types may only be created from object types.
src/components/settings/eod-check.tsx(380,45): error TS2322: Type 'Date | Element' is not assignable to type 'ReactNode'.
  Type 'Date' is not assignable to type 'ReactNode'.
src/hooks/use-holdings.ts(32,5): error TS2322: Type 'any[] | undefined' is not assignable to type '{ date: string; pnl: number; }[]'.
  Type 'undefined' is not assignable to type '{ date: string; pnl: number; }[]'.
